root@ldnpsr000005688 PROD # cat trace.log
execve("/usr/bin/dd", ["dd", "if=testfile01", "of=/dev/null", "bs=128M", "iflag=direct"], 0x7ffc92c0d498 /* 31 vars */) = 0 <0.000269>
brk(NULL)                               = 0x56382593b000 <0.000014>
arch_prctl(0x3001 /* ARCH_??? */, 0x7ffd4e228060) = -1 EINVAL (Invalid argument) <0.000012>
mmap(NULL, 8192, PROT_READ|PROT_WRITE, MAP_PRIVATE|MAP_ANONYMOUS, -1, 0) = 0x7fba2ec16000 <0.000013>
access("/etc/ld.so.preload", R_OK)      = -1 ENOENT (No such file or directory) <0.000016>
openat(AT_FDCWD, "/etc/ld.so.cache", O_RDONLY|O_CLOEXEC) = 3 <0.000017>
fstat(3, {st_mode=S_IFREG|0644, st_size=21847, ...}) = 0 <0.000013>
mmap(NULL, 21847, PROT_READ, MAP_PRIVATE, 3, 0) = 0x7fba2ec10000 <0.000014>
close(3)                                = 0 <0.000013>
openat(AT_FDCWD, "/lib64/libc.so.6", O_RDONLY|O_CLOEXEC) = 3 <0.000017>
read(3, "\177ELF\2\1\1\3\0\0\0\0\0\0\0\0\3\0>\0\1\0\0\0\300\250\3\0\0\0\0\0"..., 832) = 832 <0.000013>
fstat(3, {st_mode=S_IFREG|0755, st_size=2164640, ...}) = 0 <0.000011>
lseek(3, 808, SEEK_SET)                 = 808 <0.000012>
read(3, "\4\0\0\0\20\0\0\0\5\0\0\0GNU\0\2\0\0\300\4\0\0\0\3\0\0\0\0\0\0\0", 32) = 32 <0.000011>
mmap(NULL, 4020448, PROT_READ|PROT_EXEC, MAP_PRIVATE|MAP_DENYWRITE, 3, 0) = 0x7fba2e613000 <0.000011>
mprotect(0x7fba2e7e0000, 2093056, PROT_NONE) = 0 <0.000013>
mmap(0x7fba2e9df000, 24576, PROT_READ|PROT_WRITE, MAP_PRIVATE|MAP_FIXED|MAP_DENYWRITE, 3, 0x1cc000) = 0x7fba2e9df000 <0.000012>
mmap(0x7fba2e9e5000, 14560, PROT_READ|PROT_WRITE, MAP_PRIVATE|MAP_FIXED|MAP_ANONYMOUS, -1, 0) = 0x7fba2e9e5000 <0.000013>
close(3)                                = 0 <0.000013>
mmap(NULL, 8192, PROT_READ|PROT_WRITE, MAP_PRIVATE|MAP_ANONYMOUS, -1, 0) = 0x7fba2ec0e000 <0.000013>
arch_prctl(ARCH_SET_FS, 0x7fba2ec17680) = 0 <0.000013>
mprotect(0x7fba2e9df000, 16384, PROT_READ) = 0 <0.000013>
mprotect(0x56382465c000, 4096, PROT_READ) = 0 <0.000017>
mprotect(0x7fba2ec18000, 4096, PROT_READ) = 0 <0.000014>
munmap(0x7fba2ec10000, 21847)           = 0 <0.000016>
rt_sigaction(SIGINT, NULL, {sa_handler=SIG_DFL, sa_mask=[], sa_flags=0}, 8) = 0 <0.000021>
rt_sigaction(SIGUSR1, {sa_handler=0x56382444f350, sa_mask=[INT USR1], sa_flags=SA_RESTORER, sa_restorer=0x7fba2e6615b0}, NULL, 8) = 0 <0.000014>
rt_sigaction(SIGINT, {sa_handler=0x56382444f340, sa_mask=[INT USR1], sa_flags=SA_RESTORER|SA_NODEFER|SA_RESETHAND|0xffffffff00000000, sa_restorer=0x7fba2e6615b0}, NULL, 8) = 0 <0.000020>
getrandom("\x8b\x7a\xcb\x35\x0d\x55\x72\x0a", 8, GRND_NONBLOCK) = 8 <0.000012>
brk(NULL)                               = 0x56382593b000 <0.000013>
brk(0x56382595c000)                     = 0x56382595c000 <0.000013>
brk(NULL)                               = 0x56382595c000 <0.000010>
openat(AT_FDCWD, "/usr/lib/locale/locale-archive", O_RDONLY|O_CLOEXEC) = -1 ENOENT (No such file or directory) <0.000016>
openat(AT_FDCWD, "/usr/share/locale/locale.alias", O_RDONLY|O_CLOEXEC) = 3 <0.000015>
fstat(3, {st_mode=S_IFREG|0644, st_size=2997, ...}) = 0 <0.000013>
read(3, "# Locale name alias data base.\n#"..., 4096) = 2997 <0.000013>
read(3, "", 4096)                       = 0 <0.000019>
close(3)                                = 0 <0.000013>
openat(AT_FDCWD, "/usr/lib/locale/en_GB.UTF-8/LC_IDENTIFICATION", O_RDONLY|O_CLOEXEC) = -1 ENOENT (No such file or directory) <0.000014>
openat(AT_FDCWD, "/usr/lib/locale/en_GB.utf8/LC_IDENTIFICATION", O_RDONLY|O_CLOEXEC) = 3 <0.000028>
fstat(3, {st_mode=S_IFREG|0644, st_size=373, ...}) = 0 <0.000012>
mmap(NULL, 373, PROT_READ, MAP_PRIVATE, 3, 0) = 0x7fba2ec15000 <0.000013>
close(3)                                = 0 <0.000013>
openat(AT_FDCWD, "/usr/lib64/gconv/gconv-modules.cache", O_RDONLY) = 3 <0.000015>
fstat(3, {st_mode=S_IFREG|0644, st_size=26998, ...}) = 0 <0.000009>
mmap(NULL, 26998, PROT_READ, MAP_SHARED, 3, 0) = 0x7fba2ec07000 <0.000010>
close(3)                                = 0 <0.000010>
openat(AT_FDCWD, "/usr/lib/locale/en_GB.UTF-8/LC_MEASUREMENT", O_RDONLY|O_CLOEXEC) = -1 ENOENT (No such file or directory) <0.000014>
openat(AT_FDCWD, "/usr/lib/locale/en_GB.utf8/LC_MEASUREMENT", O_RDONLY|O_CLOEXEC) = 3 <0.000012>
fstat(3, {st_mode=S_IFREG|0644, st_size=23, ...}) = 0 <0.000013>
mmap(NULL, 23, PROT_READ, MAP_PRIVATE, 3, 0) = 0x7fba2ec14000 <0.000010>
close(3)                                = 0 <0.000011>
openat(AT_FDCWD, "/usr/lib/locale/en_GB.UTF-8/LC_TELEPHONE", O_RDONLY|O_CLOEXEC) = -1 ENOENT (No such file or directory) <0.000012>
openat(AT_FDCWD, "/usr/lib/locale/en_GB.utf8/LC_TELEPHONE", O_RDONLY|O_CLOEXEC) = 3 <0.000011>
fstat(3, {st_mode=S_IFREG|0644, st_size=56, ...}) = 0 <0.000013>
mmap(NULL, 56, PROT_READ, MAP_PRIVATE, 3, 0) = 0x7fba2ec13000 <0.000013>
close(3)                                = 0 <0.000010>
openat(AT_FDCWD, "/usr/lib/locale/en_GB.UTF-8/LC_ADDRESS", O_RDONLY|O_CLOEXEC) = -1 ENOENT (No such file or directory) <0.000010>
openat(AT_FDCWD, "/usr/lib/locale/en_GB.utf8/LC_ADDRESS", O_RDONLY|O_CLOEXEC) = 3 <0.000014>
fstat(3, {st_mode=S_IFREG|0644, st_size=158, ...}) = 0 <0.000012>
mmap(NULL, 158, PROT_READ, MAP_PRIVATE, 3, 0) = 0x7fba2ec12000 <0.000013>
close(3)                                = 0 <0.000007>
openat(AT_FDCWD, "/usr/lib/locale/en_GB.UTF-8/LC_NAME", O_RDONLY|O_CLOEXEC) = -1 ENOENT (No such file or directory) <0.000013>
openat(AT_FDCWD, "/usr/lib/locale/en_GB.utf8/LC_NAME", O_RDONLY|O_CLOEXEC) = 3 <0.000015>
fstat(3, {st_mode=S_IFREG|0644, st_size=77, ...}) = 0 <0.000011>
mmap(NULL, 77, PROT_READ, MAP_PRIVATE, 3, 0) = 0x7fba2ec11000 <0.000013>
close(3)                                = 0 <0.000011>
openat(AT_FDCWD, "/usr/lib/locale/en_GB.UTF-8/LC_PAPER", O_RDONLY|O_CLOEXEC) = -1 ENOENT (No such file or directory) <0.000010>
openat(AT_FDCWD, "/usr/lib/locale/en_GB.utf8/LC_PAPER", O_RDONLY|O_CLOEXEC) = 3 <0.000015>
fstat(3, {st_mode=S_IFREG|0644, st_size=34, ...}) = 0 <0.000012>
mmap(NULL, 34, PROT_READ, MAP_PRIVATE, 3, 0) = 0x7fba2ec10000 <0.000013>
close(3)                                = 0 <0.000008>
openat(AT_FDCWD, "/usr/lib/locale/en_GB.UTF-8/LC_MESSAGES", O_RDONLY|O_CLOEXEC) = -1 ENOENT (No such file or directory) <0.000013>
openat(AT_FDCWD, "/usr/lib/locale/en_GB.utf8/LC_MESSAGES", O_RDONLY|O_CLOEXEC) = 3 <0.000014>
fstat(3, {st_mode=S_IFDIR|0755, st_size=29, ...}) = 0 <0.000013>
close(3)                                = 0 <0.000011>
openat(AT_FDCWD, "/usr/lib/locale/en_GB.utf8/LC_MESSAGES/SYS_LC_MESSAGES", O_RDONLY|O_CLOEXEC) = 3 <0.000015>
fstat(3, {st_mode=S_IFREG|0644, st_size=57, ...}) = 0 <0.000009>
mmap(NULL, 57, PROT_READ, MAP_PRIVATE, 3, 0) = 0x7fba2ec06000 <0.000011>
close(3)                                = 0 <0.000010>
openat(AT_FDCWD, "/usr/lib/locale/en_GB.UTF-8/LC_MONETARY", O_RDONLY|O_CLOEXEC) = -1 ENOENT (No such file or directory) <0.000007>
openat(AT_FDCWD, "/usr/lib/locale/en_GB.utf8/LC_MONETARY", O_RDONLY|O_CLOEXEC) = 3 <0.000011>
fstat(3, {st_mode=S_IFREG|0644, st_size=290, ...}) = 0 <0.000006>
mmap(NULL, 290, PROT_READ, MAP_PRIVATE, 3, 0) = 0x7fba2ec05000 <0.000011>
close(3)                                = 0 <0.000017>
openat(AT_FDCWD, "/usr/lib/locale/en_GB.UTF-8/LC_COLLATE", O_RDONLY|O_CLOEXEC) = -1 ENOENT (No such file or directory) <0.000015>
openat(AT_FDCWD, "/usr/lib/locale/en_GB.utf8/LC_COLLATE", O_RDONLY|O_CLOEXEC) = 3 <0.000014>
fstat(3, {st_mode=S_IFREG|0644, st_size=2586930, ...}) = 0 <0.000013>
mmap(NULL, 2586930, PROT_READ, MAP_PRIVATE, 3, 0) = 0x7fba2e39b000 <0.000013>
close(3)                                = 0 <0.000008>
openat(AT_FDCWD, "/usr/lib/locale/en_GB.UTF-8/LC_TIME", O_RDONLY|O_CLOEXEC) = -1 ENOENT (No such file or directory) <0.000014>
openat(AT_FDCWD, "/usr/lib/locale/en_GB.utf8/LC_TIME", O_RDONLY|O_CLOEXEC) = 3 <0.000015>
fstat(3, {st_mode=S_IFREG|0644, st_size=3332, ...}) = 0 <0.000013>
mmap(NULL, 3332, PROT_READ, MAP_PRIVATE, 3, 0) = 0x7fba2ec04000 <0.000013>
close(3)                                = 0 <0.000013>
openat(AT_FDCWD, "/usr/lib/locale/en_GB.UTF-8/LC_NUMERIC", O_RDONLY|O_CLOEXEC) = -1 ENOENT (No such file or directory) <0.000014>
openat(AT_FDCWD, "/usr/lib/locale/en_GB.utf8/LC_NUMERIC", O_RDONLY|O_CLOEXEC) = 3 <0.000014>
fstat(3, {st_mode=S_IFREG|0644, st_size=54, ...}) = 0 <0.000013>
mmap(NULL, 54, PROT_READ, MAP_PRIVATE, 3, 0) = 0x7fba2ec03000 <0.000013>
close(3)                                = 0 <0.000008>
openat(AT_FDCWD, "/usr/lib/locale/en_GB.UTF-8/LC_CTYPE", O_RDONLY|O_CLOEXEC) = -1 ENOENT (No such file or directory) <0.000013>
openat(AT_FDCWD, "/usr/lib/locale/en_GB.utf8/LC_CTYPE", O_RDONLY|O_CLOEXEC) = 3 <0.000015>
fstat(3, {st_mode=S_IFREG|0644, st_size=337024, ...}) = 0 <0.000013>
mmap(NULL, 337024, PROT_READ, MAP_PRIVATE, 3, 0) = 0x7fba2ebb0000 <0.000007>
close(3)                                = 0 <0.000013>
openat(AT_FDCWD, "testfile01", O_RDONLY|O_DIRECT) = 3 <0.000015>
dup2(3, 0)                              = 0 <0.000013>
close(3)                                = 0 <0.000013>
lseek(0, 0, SEEK_CUR)                   = 0 <0.000008>
openat(AT_FDCWD, "/dev/null", O_WRONLY|O_CREAT|O_TRUNC, 0666) = 3 <0.000055>
dup2(3, 1)                              = 1 <0.000020>
close(3)                                = 0 <0.000017>
mmap(NULL, 134230016, PROT_READ|PROT_WRITE, MAP_PRIVATE|MAP_ANONYMOUS, -1, 0) = 0x7fba26398000 <0.000013>
read(0, "\0\0\0\0\0\0\0\0\0\0\0\0\0\0\0\0\0\0\0\0\0\0\0\0\0\0\0\0\0\0\0\0"..., 134217728) = 134217728 <0.155236>
write(1, "\0\0\0\0\0\0\0\0\0\0\0\0\0\0\0\0\0\0\0\0\0\0\0\0\0\0\0\0\0\0\0\0"..., 134217728) = 134217728 <0.000193>
read(0, "\0\0\0\0\0\0\0\0\0\0\0\0\0\0\0\0\0\0\0\0\0\0\0\0\0\0\0\0\0\0\0\0"..., 134217728) = 134217728 <0.154835>
write(1, "\0\0\0\0\0\0\0\0\0\0\0\0\0\0\0\0\0\0\0\0\0\0\0\0\0\0\0\0\0\0\0\0"..., 134217728) = 134217728 <0.000189>
read(0, "\0\0\0\0\0\0\0\0\0\0\0\0\0\0\0\0\0\0\0\0\0\0\0\0\0\0\0\0\0\0\0\0"..., 134217728) = 134217728 <0.154960>
write(1, "\0\0\0\0\0\0\0\0\0\0\0\0\0\0\0\0\0\0\0\0\0\0\0\0\0\0\0\0\0\0\0\0"..., 134217728) = 134217728 <0.000184>
read(0, "\0\0\0\0\0\0\0\0\0\0\0\0\0\0\0\0\0\0\0\0\0\0\0\0\0\0\0\0\0\0\0\0"..., 134217728) = 134217728 <0.154853>
write(1, "\0\0\0\0\0\0\0\0\0\0\0\0\0\0\0\0\0\0\0\0\0\0\0\0\0\0\0\0\0\0\0\0"..., 134217728) = 134217728 <0.000215>
read(0, "\0\0\0\0\0\0\0\0\0\0\0\0\0\0\0\0\0\0\0\0\0\0\0\0\0\0\0\0\0\0\0\0"..., 134217728) = 134217728 <0.154907>
write(1, "\0\0\0\0\0\0\0\0\0\0\0\0\0\0\0\0\0\0\0\0\0\0\0\0\0\0\0\0\0\0\0\0"..., 134217728) = 134217728 <0.000193>
read(0, "\0\0\0\0\0\0\0\0\0\0\0\0\0\0\0\0\0\0\0\0\0\0\0\0\0\0\0\0\0\0\0\0"..., 134217728) = 134217728 <0.154923>
write(1, "\0\0\0\0\0\0\0\0\0\0\0\0\0\0\0\0\0\0\0\0\0\0\0\0\0\0\0\0\0\0\0\0"..., 134217728) = 134217728 <0.000183>
read(0, "\0\0\0\0\0\0\0\0\0\0\0\0\0\0\0\0\0\0\0\0\0\0\0\0\0\0\0\0\0\0\0\0"..., 134217728) = 134217728 <0.154848>
write(1, "\0\0\0\0\0\0\0\0\0\0\0\0\0\0\0\0\0\0\0\0\0\0\0\0\0\0\0\0\0\0\0\0"..., 134217728) = 134217728 <0.000196>
read(0, "\0\0\0\0\0\0\0\0\0\0\0\0\0\0\0\0\0\0\0\0\0\0\0\0\0\0\0\0\0\0\0\0"..., 134217728) = 134217728 <0.154886>
write(1, "\0\0\0\0\0\0\0\0\0\0\0\0\0\0\0\0\0\0\0\0\0\0\0\0\0\0\0\0\0\0\0\0"..., 134217728) = 134217728 <0.000202>
read(0, "", 134217728)                  = 0 <0.000223>
close(0)                                = 0 <0.000149>
close(1)                                = 0 <0.000021>
openat(AT_FDCWD, "/usr/share/locale/en_GB.UTF-8/LC_MESSAGES/coreutils.mo", O_RDONLY) = -1 ENOENT (No such file or directory) <0.000156>
openat(AT_FDCWD, "/usr/share/locale/en_GB.utf8/LC_MESSAGES/coreutils.mo", O_RDONLY) = -1 ENOENT (No such file or directory) <0.000024>
openat(AT_FDCWD, "/usr/share/locale/en_GB/LC_MESSAGES/coreutils.mo", O_RDONLY) = -1 ENOENT (No such file or directory) <0.000022>
openat(AT_FDCWD, "/usr/share/locale/en.UTF-8/LC_MESSAGES/coreutils.mo", O_RDONLY) = -1 ENOENT (No such file or directory) <0.000012>
openat(AT_FDCWD, "/usr/share/locale/en.utf8/LC_MESSAGES/coreutils.mo", O_RDONLY) = -1 ENOENT (No such file or directory) <0.000011>
openat(AT_FDCWD, "/usr/share/locale/en/LC_MESSAGES/coreutils.mo", O_RDONLY) = -1 ENOENT (No such file or directory) <0.000016>
write(2, "8+0 records in\n8+0 records out\n", 31) = 31 <0.000027>
write(2, "1073741824 bytes (1.1 GB, 1.0 Gi"..., 62) = 62 <0.000015>
write(2, "\n", 1)                       = 1 <0.000016>
close(2)                                = 0 <0.000014>
exit_group(0)                           = ?
+++ exited with 0 +++
root@ldnpsr000005688 PROD # 